Using pre-set license
Built from '2021.1/staging' branch; Version is '2021.1.9f1 (7a790e367ab3) revision 8026382'; Using compiler version '192528614'; Build Type 'Release'
OS: 'Windows 10 Home; OS build 19042.985; Version 2009; 64bit' Language: 'ru' Physical Memory: 16226 MB
BatchMode: 1, IsHumanControllingUs: 0, StartBugReporterOnCrash: 0, Is64bit: 1, IsPro: 0

 COMMAND LINE ARGUMENTS:
C:\Program Files\Unity\Hub\Editor\2021.1.9f1\Editor\Unity.exe
-adb2
-batchMode
-noUpm
-name
AssetImportWorker0
-projectPath
C:/Git/SHKYA
-logFile
Logs/AssetImportWorker0.log
-srvPort
49315
Successfully changed project path to: C:/Git/SHKYA
C:/Git/SHKYA
Using Asset Import Pipeline V2.
Refreshing native plugins compatible for Editor in 91.73 ms, found 4 plugins.
Preloading 0 native plugins for Editor in 0.00 ms.
Initialize engine version: 2021.1.9f1 (7a790e367ab3)
[Subsystems] Discovering subsystems at path C:/Program Files/Unity/Hub/Editor/2021.1.9f1/Editor/Data/Resources/UnitySubsystems
[Subsystems] Discovering subsystems at path C:/Git/SHKYA/Assets
GfxDevice: creating device client; threaded=0; jobified=0
Direct3D:
    Version:  Direct3D 11.0 [level 11.1]
    Renderer: NVIDIA GeForce GTX 1660 Ti with Max-Q Design (ID=0x2191)
    Vendor:   NVIDIA
    VRAM:     5991 MB
    Driver:   25.21.14.1777
Initialize mono
Mono path[0] = 'C:/Program Files/Unity/Hub/Editor/2021.1.9f1/Editor/Data/Managed'
Mono path[1] = 'C:/Program Files/Unity/Hub/Editor/2021.1.9f1/Editor/Data/MonoBleedingEdge/lib/mono/unityjit'
Mono config path = 'C:/Program Files/Unity/Hub/Editor/2021.1.9f1/Editor/Data/MonoBleedingEdge/etc'
Using monoOptions --debugger-agent=transport=dt_socket,embedding=1,server=y,suspend=n,address=127.0.0.1:56880
Begin MonoManager ReloadAssembly
Registering precompiled unity dll's ...
Register platform support module: C:/Program Files/Unity/Hub/Editor/2021.1.9f1/Editor/Data/PlaybackEngines/WebGLSupport/UnityEditor.WebGL.Extensions.dll
Register platform support module: C:/Program Files/Unity/Hub/Editor/2021.1.9f1/Editor/Data/PlaybackEngines/WindowsStandaloneSupport/UnityEditor.WindowsStandalone.Extensions.dll
Registered in 0.001925 seconds.
Native extension for WindowsStandalone target not found
Native extension for WebGL target not found
Refreshing native plugins compatible for Editor in 102.78 ms, found 4 plugins.
Preloading 0 native plugins for Editor in 0.00 ms.
Mono: successfully reloaded assembly
- Completed reload, in  1.755 seconds
Domain Reload Profiling:
	ReloadAssembly (1755ms)
		BeginReloadAssembly (49ms)
			ExecutionOrderSort (0ms)
			DisableScriptedObjects (0ms)
			BackupInstance (0ms)
			ReleaseScriptingObjects (0ms)
			CreateAndSetChildDomain (1ms)
		EndReloadAssembly (496ms)
			LoadAssemblies (47ms)
			RebuildTransferFunctionScriptingTraits (0ms)
			SetupTypeCache (180ms)
			ReleaseScriptCaches (0ms)
			RebuildScriptCaches (29ms)
			SetupLoadedEditorAssemblies (242ms)
				LogAssemblyErrors (0ms)
				InitializePlatformSupportModulesInManaged (7ms)
				SetLoadedEditorAssemblies (0ms)
				RefreshPlugins (103ms)
				BeforeProcessingInitializeOnLoad (1ms)
				ProcessInitializeOnLoadAttributes (100ms)
				ProcessInitializeOnLoadMethodAttributes (31ms)
				AfterProcessingInitializeOnLoad (0ms)
				EditorAssembliesLoaded (0ms)
			ExecutionOrderSort2 (0ms)
			AwakeInstancesAfterBackupRestoration (0ms)
Platform modules already initialized, skipping
Registering precompiled user dll's ...
Registered in 0.005570 seconds.
Begin MonoManager ReloadAssembly
Symbol file LoadedFromMemory doesn't match image C:\Git\SHKYA\Library\PackageCache\com.unity.visualscripting@1.6.1\Editor\VisualScripting.Core\Dependencies\YamlDotNet\Unity.VisualScripting.YamlDotNet.dll
Symbol file LoadedFromMemory doesn't match image C:\Git\SHKYA\Library\PackageCache\com.unity.visualscripting@1.6.1\Editor\VisualScripting.Core\Dependencies\DotNetZip\Unity.VisualScripting.IonicZip.dll
Native extension for WindowsStandalone target not found
Native extension for WebGL target not found
Refreshing native plugins compatible for Editor in 89.89 ms, found 4 plugins.
Preloading 0 native plugins for Editor in 0.00 ms.
Mono: successfully reloaded assembly
- Completed reload, in  1.123 seconds
Domain Reload Profiling:
	ReloadAssembly (1123ms)
		BeginReloadAssembly (128ms)
			ExecutionOrderSort (0ms)
			DisableScriptedObjects (4ms)
			BackupInstance (0ms)
			ReleaseScriptingObjects (0ms)
			CreateAndSetChildDomain (16ms)
		EndReloadAssembly (942ms)
			LoadAssemblies (76ms)
			RebuildTransferFunctionScriptingTraits (0ms)
			SetupTypeCache (328ms)
			ReleaseScriptCaches (1ms)
			RebuildScriptCaches (47ms)
			SetupLoadedEditorAssemblies (398ms)
				LogAssemblyErrors (0ms)
				InitializePlatformSupportModulesInManaged (4ms)
				SetLoadedEditorAssemblies (0ms)
				RefreshPlugins (90ms)
				BeforeProcessingInitializeOnLoad (77ms)
				ProcessInitializeOnLoadAttributes (208ms)
				ProcessInitializeOnLoadMethodAttributes (13ms)
				AfterProcessingInitializeOnLoad (5ms)
				EditorAssembliesLoaded (0ms)
			ExecutionOrderSort2 (0ms)
			AwakeInstancesAfterBackupRestoration (6ms)
Platform modules already initialized, skipping
========================================================================
Worker process is ready to serve import requests
Launched and connected shader compiler UnityShaderCompiler.exe after 0.04 seconds
Refreshing native plugins compatible for Editor in 0.64 ms, found 4 plugins.
Preloading 0 native plugins for Editor in 0.00 ms.
Unloading 3648 Unused Serialized files (Serialized files now loaded: 0)
System memory in use before: 135.3 MB.
System memory in use after: 135.5 MB.

Unloading 32 unused Assets to reduce memory usage. Loaded Objects now: 4097.
Total: 2.495900 ms (FindLiveObjects: 0.261700 ms CreateObjectMapping: 0.130800 ms MarkObjects: 2.053500 ms  DeleteObjects: 0.049100 ms)

AssetImportParameters requested are different than current active one (requested -> active):
  custom:framework-win-MediaFoundation: 216162199b28c13a410421893ffa2e32 -> 
  custom:video-decoder-ogg-theora: a1e56fd34408186e4bbccfd4996cb3dc -> 
  custom:container-muxer-webm: aa71ff27fc2769a1b78a27578f13a17b -> 
  custom:container-demuxer-webm: 4f35f7cbe854078d1ac9338744f61a02 -> 
  custom:container-demuxer-ogg: 62fdf1f143b41e24485cea50d1cbac27 -> 
  custom:video-encoder-webm-vp8: eb34c28f22e8b96e1ab97ce403110664 -> 
  custom:video-decoder-webm-vp8: 9c59270c3fd7afecdb556c50c9e8de78 -> 
  custom:audio-decoder-ogg-vorbis: bf7c407c2cedff20999df2af8eb42d56 -> 
  custom:audio-encoder-webm-vorbis: bf7c407c2cedff20999df2af8eb42d56 -> 
========================================================================
Received Import Request.
  path: Assets/SHKYA.psb
  artifactKey: Guid(c655d1c269a845246a4b7e1047c05eab) Importer(815301076,1909f56bfc062723c751e8b465ee728b)
Start importing Assets/SHKYA.psb using Guid(c655d1c269a845246a4b7e1047c05eab) Importer(815301076,1909f56bfc062723c751e8b465ee728b)  -> (artifact id: '76fd389f600bdab0ea387f1e710dbc9b') in 0.201041 seconds 
========================================================================
Received Import Request.
  Time since last request: 0.000223 seconds.
  path: Assets/blue-sky-with-clouds-seamless-eps-vectors_csp66960730.jpg
  artifactKey: Guid(135bf3c63fab50c478f364fcbdd80eb6) Importer(815301076,1909f56bfc062723c751e8b465ee728b)
Start importing Assets/blue-sky-with-clouds-seamless-eps-vectors_csp66960730.jpg using Guid(135bf3c63fab50c478f364fcbdd80eb6) Importer(815301076,1909f56bfc062723c751e8b465ee728b)  -> (artifact id: '81db77d4d946bbbf2b304f832033ace7') in 0.048558 seconds 
========================================================================
Received Import Request.
  Time since last request: 0.000216 seconds.
  path: Assets/unnamed.jpg
  artifactKey: Guid(e932f6cc7767cb04a916f46486a137e0) Importer(815301076,1909f56bfc062723c751e8b465ee728b)
Start importing Assets/unnamed.jpg using Guid(e932f6cc7767cb04a916f46486a137e0) Importer(815301076,1909f56bfc062723c751e8b465ee728b)  -> (artifact id: 'fd3bcefe755baa9f20e1ff2dc81c4b9c') in 0.013857 seconds 
========================================================================
Received Import Request.
  Time since last request: 0.000162 seconds.
  path: Assets/New Physics Material 2D.physicsMaterial2D
  artifactKey: Guid(9d239361ce142444f8842c30356601bf) Importer(815301076,1909f56bfc062723c751e8b465ee728b)
Start importing Assets/New Physics Material 2D.physicsMaterial2D using Guid(9d239361ce142444f8842c30356601bf) Importer(815301076,1909f56bfc062723c751e8b465ee728b)  -> (artifact id: '6838311043acb6201a8db43a23d94d95') in 0.009145 seconds 
========================================================================
Received Import Request.
  Time since last request: 0.000248 seconds.
  path: Assets/31746-200.png
  artifactKey: Guid(61dabce42b1352a47a881a8f3bbd52d9) Importer(815301076,1909f56bfc062723c751e8b465ee728b)
Start importing Assets/31746-200.png using Guid(61dabce42b1352a47a881a8f3bbd52d9) Importer(815301076,1909f56bfc062723c751e8b465ee728b)  -> (artifact id: 'bc3ba4bc06a624637c55ceccd4433747') in 0.019072 seconds 
========================================================================
Received Import Request.
  Time since last request: 0.000230 seconds.
  path: Assets/mario-3-1 (1).gif
  artifactKey: Guid(32aa921cd10d4a045aea9d2c97bc1321) Importer(815301076,1909f56bfc062723c751e8b465ee728b)
Start importing Assets/mario-3-1 (1).gif using Guid(32aa921cd10d4a045aea9d2c97bc1321) Importer(815301076,1909f56bfc062723c751e8b465ee728b)  -> (artifact id: 'c116108baa5d59bfe119b2bc3176146a') in 0.015860 seconds 
========================================================================
Received Import Request.
  Time since last request: 0.000360 seconds.
  path: Assets/5311628e621658f891a669c5e7578733.jpg
  artifactKey: Guid(978ac25f5875555439b02e35bce61710) Importer(815301076,1909f56bfc062723c751e8b465ee728b)
Start importing Assets/5311628e621658f891a669c5e7578733.jpg using Guid(978ac25f5875555439b02e35bce61710) Importer(815301076,1909f56bfc062723c751e8b465ee728b)  -> (artifact id: 'b5089493d7ae878dac692b7873dbb69a') in 0.023464 seconds 
========================================================================
Received Import Request.
  Time since last request: 0.000176 seconds.
  path: Assets/Jump.psd
  artifactKey: Guid(624dec7335558c641b8755b09d2dcd93) Importer(815301076,1909f56bfc062723c751e8b465ee728b)
Start importing Assets/Jump.psd using Guid(624dec7335558c641b8755b09d2dcd93) Importer(815301076,1909f56bfc062723c751e8b465ee728b)  -> (artifact id: 'a6cb99c81aeff83447870e62a83ac843') in 0.017744 seconds 
========================================================================
Received Import Request.
  Time since last request: 0.000255 seconds.
  path: Assets/31746-200.psd
  artifactKey: Guid(2b24500ef29d26e458c6dc736ee9d786) Importer(815301076,1909f56bfc062723c751e8b465ee728b)
Start importing Assets/31746-200.psd using Guid(2b24500ef29d26e458c6dc736ee9d786) Importer(815301076,1909f56bfc062723c751e8b465ee728b)  -> (artifact id: 'ea69048936b979311c450c7da8bc836e') in 0.016037 seconds 
